[2018-07-31 16:11:05] myapp.INFO: Matched route "user_login". {"route_parameters":{"_controller":["[object] (KnpU\\CodeBattle\\Controller\\UserController: {})","loginAction"],"_route":"user_login"},"request_uri":"http://localhost:8000/login"} []
[2018-07-31 16:11:05] myapp.INFO: Populated the TokenStorage with an anonymous Token. [] []
[2018-07-31 16:11:05] myapp.INFO: > GET /login [] []
[2018-07-31 16:11:05] myapp.INFO: < 200 [] []
[2018-07-31 16:11:06] myapp.INFO: Matched route "user_login". {"route_parameters":{"_controller":["[object] (KnpU\\CodeBattle\\Controller\\UserController: {})","loginAction"],"_route":"user_login"},"request_uri":"http://localhost:8000/login"} []
[2018-07-31 16:11:06] myapp.INFO: Populated the TokenStorage with an anonymous Token. [] []
[2018-07-31 16:11:06] myapp.INFO: > GET /login [] []
[2018-07-31 16:11:06] myapp.INFO: < 200 [] []
[2018-07-31 16:11:06] myapp.INFO: Matched route "user_login". {"route_parameters":{"_controller":["[object] (KnpU\\CodeBattle\\Controller\\UserController: {})","loginAction"],"_route":"user_login"},"request_uri":"http://localhost:8000/login"} []
[2018-07-31 16:11:06] myapp.INFO: Populated the TokenStorage with an anonymous Token. [] []
[2018-07-31 16:11:06] myapp.INFO: > GET /login [] []
[2018-07-31 16:11:06] myapp.INFO: < 200 [] []
[2018-07-31 16:13:42] myapp.INFO: Matched route "user_login". {"route_parameters":{"_controller":["[object] (KnpU\\CodeBattle\\Controller\\UserController: {})","loginAction"],"_route":"user_login"},"request_uri":"http://localhost:8000/login"} []
[2018-07-31 16:13:42] myapp.INFO: Populated the TokenStorage with an anonymous Token. [] []
[2018-07-31 16:13:42] myapp.INFO: > GET /login [] []
[2018-07-31 16:13:42] myapp.INFO: < 200 [] []
[2018-07-31 16:15:41] myapp.INFO: Matched route "POST_api_programmers". {"route_parameters":{"_controller":["[object] (KnpU\\CodeBattle\\Controller\\Api\\ProgrammerController: {})","newAction"],"_route":"POST_api_programmers"},"request_uri":"http://localhost:8000/api/programmers"} []
[2018-07-31 16:15:41] myapp.INFO: Populated the TokenStorage with an anonymous Token. [] []
[2018-07-31 16:15:41] myapp.INFO: > POST /api/programmers [] []
[2018-07-31 16:15:41] myapp.INFO: < 200 [] []
[2018-07-31 16:18:23] myapp.INFO: Matched route "user_login". {"route_parameters":{"_controller":["[object] (KnpU\\CodeBattle\\Controller\\UserController: {})","loginAction"],"_route":"user_login"},"request_uri":"http://localhost:8000/login"} []
[2018-07-31 16:18:23] myapp.INFO: Populated the TokenStorage with an anonymous Token. [] []
[2018-07-31 16:18:23] myapp.INFO: > GET /login [] []
[2018-07-31 16:18:23] myapp.INFO: < 200 [] []
[2018-07-31 16:19:12] myapp.INFO: Matched route "POST_api_programmers". {"route_parameters":{"_controller":["[object] (KnpU\\CodeBattle\\Controller\\Api\\ProgrammerController: {})","newAction"],"_route":"POST_api_programmers"},"request_uri":"http://localhost:8000/api/programmers"} []
[2018-07-31 16:19:12] myapp.INFO: Populated the TokenStorage with an anonymous Token. [] []
[2018-07-31 16:19:12] myapp.INFO: > POST /api/programmers [] []
[2018-07-31 16:19:12] myapp.INFO: < 200 [] []
[2018-07-31 16:19:36] myapp.INFO: Matched route "POST_api_programmers". {"route_parameters":{"_controller":["[object] (KnpU\\CodeBattle\\Controller\\Api\\ProgrammerController: {})","newAction"],"_route":"POST_api_programmers"},"request_uri":"http://localhost:8000/api/programmers"} []
[2018-07-31 16:19:36] myapp.INFO: Populated the TokenStorage with an anonymous Token. [] []
[2018-07-31 16:19:36] myapp.INFO: > POST /api/programmers [] []
[2018-07-31 16:19:36] myapp.INFO: < 200 [] []
[2018-07-31 16:23:20] myapp.INFO: Matched route "POST_api_programmers". {"route_parameters":{"_controller":["[object] (KnpU\\CodeBattle\\Controller\\Api\\ProgrammerController: {})","newAction"],"_route":"POST_api_programmers"},"request_uri":"http://localhost:8000/api/programmers"} []
[2018-07-31 16:23:20] myapp.INFO: Populated the TokenStorage with an anonymous Token. [] []
[2018-07-31 16:23:20] myapp.INFO: > POST /api/programmers [] []
[2018-07-31 16:23:20] myapp.INFO: < 200 [] []
[2018-07-31 16:24:17] myapp.INFO: Matched route "user_login_check". {"route_parameters":{"_controller":["[object] (KnpU\\CodeBattle\\Controller\\UserController: {})","loginCheckAction"],"_route":"user_login_check"},"request_uri":"http://localhost:8000/login_check"} []
[2018-07-31 16:24:17] myapp.INFO: User has been authenticated successfully. {"username":"ryan@knplabs.com"} []
[2018-07-31 16:24:17] myapp.INFO: < 302 http://localhost:8000/ [] []
[2018-07-31 16:24:17] myapp.DEBUG: Stored the security token in the session. {"key":"_security_main"} []
[2018-07-31 16:24:17] myapp.INFO: Matched route "homepage". {"route_parameters":{"_controller":["[object] (KnpU\\CodeBattle\\Controller\\DefaultController: {})","homepageAction"],"_route":"homepage"},"request_uri":"http://localhost:8000/"} []
[2018-07-31 16:24:17] myapp.DEBUG: Read existing security token from the session. {"key":"_security_main"} []
[2018-07-31 16:24:17] myapp.DEBUG: User was reloaded from a user provider. {"username":"ryan@knplabs.com","provider":"KnpU\\CodeBattle\\Repository\\UserRepository"} []
[2018-07-31 16:24:17] myapp.INFO: > GET / [] []
[2018-07-31 16:24:17] myapp.INFO: < 200 [] []
[2018-07-31 16:24:17] myapp.DEBUG: Stored the security token in the session. {"key":"_security_main"} []
[2018-07-31 16:24:27] myapp.INFO: Matched route "programmer_choose". {"route_parameters":{"_controller":["[object] (KnpU\\CodeBattle\\Controller\\ProgrammerController: {})","chooseAction"],"_route":"programmer_choose"},"request_uri":"http://localhost:8000/programmers/choose"} []
[2018-07-31 16:24:27] myapp.DEBUG: Read existing security token from the session. {"key":"_security_main"} []
[2018-07-31 16:24:27] myapp.DEBUG: User was reloaded from a user provider. {"username":"ryan@knplabs.com","provider":"KnpU\\CodeBattle\\Repository\\UserRepository"} []
[2018-07-31 16:24:27] myapp.INFO: > GET /programmers/choose [] []
[2018-07-31 16:24:27] myapp.INFO: < 200 [] []
[2018-07-31 16:24:27] myapp.DEBUG: Stored the security token in the session. {"key":"_security_main"} []
[2018-07-31 16:25:27] myapp.INFO: Matched route "POST_api_programmers". {"route_parameters":{"_controller":["[object] (KnpU\\CodeBattle\\Controller\\Api\\ProgrammerController: {})","newAction"],"_route":"POST_api_programmers"},"request_uri":"http://localhost:8000/api/programmers"} []
[2018-07-31 16:25:27] myapp.INFO: Populated the TokenStorage with an anonymous Token. [] []
[2018-07-31 16:25:27] myapp.INFO: > POST /api/programmers [] []
[2018-07-31 16:25:27] myapp.INFO: < 201 [] []
[2018-07-31 16:26:44] myapp.INFO: Matched route "POST_api_programmers". {"route_parameters":{"_controller":["[object] (KnpU\\CodeBattle\\Controller\\Api\\ProgrammerController: {})","newAction"],"_route":"POST_api_programmers"},"request_uri":"http://localhost:8000/api/programmers"} []
[2018-07-31 16:26:44] myapp.INFO: Populated the TokenStorage with an anonymous Token. [] []
[2018-07-31 16:26:44] myapp.INFO: > POST /api/programmers [] []
[2018-07-31 16:26:44] myapp.INFO: < 201 [] []
